deploy_package.zip        | 4 kB |   4.0 kB/s | ETA: 00:00:24 |   3%
deploy_package.zip        | 100 kB | 100.5 kB/s | ETA: 00:00:00 | 100%

deploy_vps.ps1            | 3 kB |   3.1 kB/s | ETA: 00:00:00 | 100%
[4/6] Remote Deployment Triggered...
------------------------------------------

>>> Remote [4/6]: Stopping existing bot process surgically...
Killing Process ID: 6052


__GENUS          : 2
__CLASS          : __PARAMETERS
__SUPERCLASS     : 
__DYNASTY        : __PARAMETERS
__RELPATH        : 
__PROPERTY_COUNT : 1
__DERIVATION     : {}
__SERVER         : 
__NAMESPACE      : 
__PATH           : 
ReturnValue      : 0
PSComputerName   : 


>>> Remote [5/6]: Extracting update & Preserving VPS Data...

>>> Remote [6/6]: Starting Bot & Undeniable Health-Check...
Bot triggered. Waiting 10s for initialization...
PROCESS VERIFIED: Bot is active (PID: 1568)

>>> Latest VPS Log Output (bot.log):
CRITICAL ERROR: 'charmap' codec can't encode character '\U0001f6d1' in position 2: character maps to <undefined>
[Sat 02/14/2026  0:22:40.16] Starting Bot (Detached Mode)... 
!!! STARTING BOT VERSION DEBUG 999 !!!
WARNING: bot.log is locked by another process. Logging to console only.
CRITICAL ERROR: 'charmap' codec can't encode character '\U0001f6d1' in position 2: character maps to <undefined>
[Sat 02/14/2026  0:22:46.11] Starting Bot (Detached Mode)... 
!!! STARTING BOT VERSION DEBUG 999 !!!
[Sat 02/14/2026  0:22:53.16] Starting Bot (Detached Mode)... 
!!! STARTING BOT VERSION DEBUG 999 !!!
[Sat 02/14/2026  0:23:02.55] Starting Bot (Detached Mode)... 
!!! STARTING BOT VERSION DEBUG 999 !!!
WARNING: bot.log is locked by another process. Logging to console only.
CRITICAL ERROR: 'charmap' codec can't encode character '\U0001f6d1' in position 2: character maps to <undefined>
[Sat 02/14/2026  0:23:08.12] Starting Bot (Detached Mode)... 
!!! STARTING BOT VERSION DEBUG 999 !!!
WARNING: bot.log is locked by another process. Logging to console only.
CRITICAL ERROR: 'charmap' codec can't encode character '\U0001f6d1' in position 2: character maps to <undefined>
[Sat 02/14/2026  0:23:12.20] Starting Bot (Detached Mode)... 
!!! STARTING BOT VERSION DEBUG 999 !!!
WARNING: bot.log is locked by another process. Logging to console only.
CRITICAL ERROR: 'charmap' codec can't encode character '\U0001f6d1' in position 2: character maps to <undefined>
[Sat 02/14/2026  0:23:21.19] Starting Bot (Detached Mode)... 
!!! STARTING BOT VERSION DEBUG 999 !!!
[Sat 02/14/2026  1:02:05.12] Starting Bot (Detached Mode)... 
[Sat 02/14/2026  1:02:11.20] Starting Bot (Detached Mode)... 
!!! STARTING BOT VERSION DEBUG 999 !!!
WARNING: bot.log is locked by another process. Logging to console only.
CRITICAL ERROR: 'charmap' codec can't encode character '\U0001f6d1' in position 2: character maps to <undefined>
[Sat 02/14/2026  1:02:17.13] Starting Bot (Detached Mode)... 
!!! STARTING BOT VERSION DEBUG 999 !!!

>>> Latest VPS Error Log (bot_error.log):
    bot.run()
    ~~~~~~~^^
  File "C:\Users\Administrator\ok\spider_trading_bot.py", line 3007, in run
    application.run_polling(drop_pending_updates=True)
    ~~~~~~~~~~~~~~~~~~~~~~~^^^^^^^^^^^^^^^^^^^^^^^^^^^
  File "C:\Users\Administrator\AppData\Local\Programs\Python\Python313\Lib\site-packages\telegram\ext\_application.py", line 839, in run_polling
    return self.__run(
           ~~~~~~~~~~^
        updater_coroutine=self.updater.start_polling(
        ^^^^^^^^^^^^^^^^^^^^^^^^^^^^^^^^^^^^^^^^^^^^^
    ...<9 lines>...
        close_loop=close_loop,
        ^^^^^^^^^^^^^^^^^^^^^^
    )
    ^
  File "C:\Users\Administrator\AppData\Local\Programs\Python\Python313\Lib\site-packages\telegram\ext\_application.py", line 1056, in __run
    loop.run_until_complete(self.post_init(self))
    ~~~~~~~~~~~~~~~~~~~~~~~^^^^^^^^^^^^^^^^^^^^^^
  File "C:\Users\Administrator\AppData\Local\Programs\Python\Python313\Lib\asyncio\base_events.py", line 725, in run_until_complete
    return future.result()
           ~~~~~~~~~~~~~^^
  File "C:\Users\Administrator\ok\spider_trading_bot.py", line 2873, in post_init
    print(f"\n\U0001f6d1 CRITICAL: Master instance already active on {active[1]}.")
    ~~~~~^^^^^^^^^^^^^^^^^^^^^^^^^^^^^^^^^^^^^^^^^^^^^^^^^^^^^^^^^^^^^^^^^^
  File "C:\Users\Administrator\AppData\Local\Programs\Python\Python313\Lib\encodings\cp1252.py", line 19, in encode
    return codecs.charmap_encode(input,self.errors,encoding_table)[0]
           ~~~~~~~~~~~~~~~~~~~~~^^^^^^^^^^^^^^^^^^^^^^^^^^^^^^^^^^
UnicodeEncodeError: 'charmap' codec can't encode character '\U0001f6d1' in position 2: character maps to <undefined>
[Sat 02/14/2026  1:02:16.04] Bot exited. Restarting in 10s... 
fatal: bad revision 'HEAD'

SUCCESS: VPS DEPLOYMENT VERIFIED


------------------------------------------
[6/6] Final cleanup...
