
deploy_vps.ps1            | 3 kB |   3.9 kB/s | ETA: 00:00:00 | 100%
[4/6] Remote Deployment Triggered...
------------------------------------------

>>> Remote [4/6]: Stopping existing bot process surgically...
Killing Process ID: 4704


__GENUS          : 2
__CLASS          : __PARAMETERS
__SUPERCLASS     : 
__DYNASTY        : __PARAMETERS
__RELPATH        : 
__PROPERTY_COUNT : 1
__DERIVATION     : {}
__SERVER         : 
__NAMESPACE      : 
__PATH           : 
ReturnValue      : 0
PSComputerName   : 

Remote: Clearing stale database locks...
Remote: Instance lock table cleared.

>>> Remote [5/6]: Extracting update & Preserving VPS Data...

>>> Remote [6/6]: Starting Bot & Undeniable Health-Check...
Bot triggered. Waiting 10s for initialization...
PROCESS VERIFIED: Bot is active (PID: 5848)

>>> Latest VPS Log Output (bot.log):
!!! STARTING BOT VERSION DEBUG 999 !!!
WARNING: bot.log is locked by another process. Logging to console only.

CRITICAL: Master instance already active on WIN-7P0UMOTMO8K.
Exiting to prevent duplicate trades.

[Sat 02/14/2026  1:05:00.13] Starting Bot (Detached Mode)... 
!!! STARTING BOT VERSION DEBUG 999 !!!
[Sat 02/14/2026  1:05:05.12] Starting Bot (Detached Mode)... 
!!! STARTING BOT VERSION DEBUG 999 !!!
[Sat 02/14/2026  1:06:06.12] Starting Bot (Detached Mode)... 
!!! STARTING BOT VERSION DEBUG 999 !!!
[Sat 02/14/2026  1:06:19.17] Starting Bot (Detached Mode)... 
!!! STARTING BOT VERSION DEBUG 999 !!!
WARNING: bot.log is locked by another process. Logging to console only.

CRITICAL: Master instance already active on WIN-7P0UMOTMO8K.
Exiting to prevent duplicate trades.

[Sat 02/14/2026  1:06:30.15] Starting Bot (Detached Mode)... 
!!! STARTING BOT VERSION DEBUG 999 !!!
WARNING: bot.log is locked by another process. Logging to console only.

CRITICAL: Master instance already active on WIN-7P0UMOTMO8K.
Exiting to prevent duplicate trades.

[Sat 02/14/2026  1:06:40.17] Starting Bot (Detached Mode)... 
!!! STARTING BOT VERSION DEBUG 999 !!!
[Sat 02/14/2026  1:45:13.17] Starting Bot (Detached Mode)... 
!!! STARTING BOT VERSION DEBUG 999 !!!

>>> Latest VPS Error Log (bot_error.log):
2026-02-14 01:43:11,201 - httpx - INFO - HTTP Request: POST https://api.telegram.org/bot8583481056:AAHi9mKds-q_vitPMRAqKR_YTMzc0r7igQU/getUpdates "HTTP/1.1 200 OK"
2026-02-14 01:43:21,224 - httpx - INFO - HTTP Request: POST https://api.telegram.org/bot8583481056:AAHi9mKds-q_vitPMRAqKR_YTMzc0r7igQU/getUpdates "HTTP/1.1 200 OK"
2026-02-14 01:43:31,265 - httpx - INFO - HTTP Request: POST https://api.telegram.org/bot8583481056:AAHi9mKds-q_vitPMRAqKR_YTMzc0r7igQU/getUpdates "HTTP/1.1 200 OK"
2026-02-14 01:43:41,290 - httpx - INFO - HTTP Request: POST https://api.telegram.org/bot8583481056:AAHi9mKds-q_vitPMRAqKR_YTMzc0r7igQU/getUpdates "HTTP/1.1 200 OK"
2026-02-14 01:43:51,311 - httpx - INFO - HTTP Request: POST https://api.telegram.org/bot8583481056:AAHi9mKds-q_vitPMRAqKR_YTMzc0r7igQU/getUpdates "HTTP/1.1 200 OK"
2026-02-14 01:44:01,339 - httpx - INFO - HTTP Request: POST https://api.telegram.org/bot8583481056:AAHi9mKds-q_vitPMRAqKR_YTMzc0r7igQU/getUpdates "HTTP/1.1 200 OK"
2026-02-14 01:44:11,360 - httpx - INFO - HTTP Request: POST https://api.telegram.org/bot8583481056:AAHi9mKds-q_vitPMRAqKR_YTMzc0r7igQU/getUpdates "HTTP/1.1 200 OK"
2026-02-14 01:44:21,383 - httpx - INFO - HTTP Request: POST https://api.telegram.org/bot8583481056:AAHi9mKds-q_vitPMRAqKR_YTMzc0r7igQU/getUpdates "HTTP/1.1 200 OK"
2026-02-14 01:44:31,410 - httpx - INFO - HTTP Request: POST https://api.telegram.org/bot8583481056:AAHi9mKds-q_vitPMRAqKR_YTMzc0r7igQU/getUpdates "HTTP/1.1 200 OK"
2026-02-14 01:44:41,435 - httpx - INFO - HTTP Request: POST https://api.telegram.org/bot8583481056:AAHi9mKds-q_vitPMRAqKR_YTMzc0r7igQU/getUpdates "HTTP/1.1 200 OK"
2026-02-14 01:44:51,458 - httpx - INFO - HTTP Request: POST https://api.telegram.org/bot8583481056:AAHi9mKds-q_vitPMRAqKR_YTMzc0r7igQU/getUpdates "HTTP/1.1 200 OK"
2026-02-14 01:45:01,489 - httpx - INFO - HTTP Request: POST https://api.telegram.org/bot8583481056:AAHi9mKds-q_vitPMRAqKR_YTMzc0r7igQU/getUpdates "HTTP/1.1 200 OK"
[Sat 02/14/2026  1:45:10.10] Bot exited. Restarting in 10s... 
[Sat 02/14/2026  1:45:16.55] Bot exited. Restarting in 10s... 
fatal: bad revision 'HEAD'
2026-02-14 01:45:23,555 - __main__ - INFO - INITIALIZING BOT FOR EXCHANGE: COINEX
2026-02-14 01:45:23,680 - __main__ - INFO - ENV: Detected environment as VPS (Host: WIN-7P0UMOTMO8K, User: administrator)
C:\Users\Administrator\ok\spider_trading_bot.py:2916: PTBUserWarning: If 'per_message=False', 'CallbackQueryHandler' will not be tracked for every message. Read this FAQ entry to learn more about the per_* settings: https://github.com/python-telegram-bot/python-telegram-bot/wiki/Frequently-Asked-Questions#what-do-the-per_-settings-in-conversationhandler-do.
  wiz_trade_handler = ConversationHandler(
C:\Users\Administrator\ok\spider_trading_bot.py:2949: PTBUserWarning: If 'per_message=False', 'CallbackQueryHandler' will not be tracked for every message. Read this FAQ entry to learn more about the per_* settings: https://github.com/python-telegram-bot/python-telegram-bot/wiki/Frequently-Asked-Questions#what-do-the-per_-settings-in-conversationhandler-do.
  qgln_conv_handler = ConversationHandler(
2026-02-14 01:45:24,569 - __main__ - INFO - Bot starting polling...
2026-02-14 01:45:24,677 - httpx - INFO - HTTP Request: POST https://api.telegram.org/bot8583481056:AAHi9mKds-q_vitPMRAqKR_YTMzc0r7igQU/getMe "HTTP/1.1 200 OK"
2026-02-14 01:45:24,684 - __main__ - INFO - \u2705 INSTANCE LOCK ACQUIRED (ID: 8e7d15e0-ce74-4412-b8e3-b1f4674a3e63). This bot is now MASTER.
2026-02-14 01:45:24,685 - __main__ - INFO - Background tasks started (Strategies + Scheduler + Equity + Q-Stats + Heartbeat)
2026-02-14 01:45:24,685 - __main__ - INFO - Scheduler started (Daily Report @ 22:15 Local, Auto GLN @ 09:00 NY)
2026-02-14 01:45:26,108 - __main__ - INFO - Q-Stats: Starting candle collector for ['BTC/USDT:USDT', 'ETH/USDT:USDT', 'BNB/USDT:USDT']
2026-02-14 01:45:26,144 - httpx - INFO - HTTP Request: POST https://api.telegram.org/bot8583481056:AAHi9mKds-q_vitPMRAqKR_YTMzc0r7igQU/deleteWebhook "HTTP/1.1 200 OK"
2026-02-14 01:45:26,145 - telegram.ext.Application - INFO - Application started
2026-02-14 01:45:26,687 - __main__ - INFO - Loading 0 active strategies from database...

SUCCESS: VPS DEPLOYMENT VERIFIED


------------------------------------------
[6/6] Final cleanup...
