==========================================
   SwitchToVPS (NEW ROBUST SYSTEM)
==========================================
[1/6] Loading vps_config.env...
[1/6] Stopping Local Bot Surgically...
Killing local PID:  22244
cmd : ERROR: Input redirection is not supported, exiting the process immediately.
At line:1 char:1
+ cmd /c "SwitchToVPS_NEW.bat _main" > switch_vps_final_proof_v2.log 2> ...
+ ~~~~~~~~~~~~~~~~~~~~~~~~~~~~~~~~~~~~~~~~~~~~~~~~~~~~~~~~~~~~~~~~~~~~~
    + CategoryInfo          : NotSpecified: (ERROR: Input re...ss immediately.:String) [], RemoteException
    + FullyQualifiedErrorId : NativeCommandError
 
[2/6] Creating Deployment Zip (Excluding heavy DBs)...
[3/6] Uploading to VPS (87.106.210.120)...

deploy_package.zip        | 4 kB |   4.0 kB/s | ETA: 00:00:24 |   3%
deploy_package.zip        | 100 kB | 100.7 kB/s | ETA: 00:00:00 | 100%

deploy_vps.ps1            | 3 kB |   3.9 kB/s | ETA: 00:00:00 | 100%
[4/6] Remote Deployment Triggered...
------------------------------------------

>>> Remote [4/6]: Stopping existing bot process surgically...
Killing Process ID: 1920


__GENUS          : 2
__CLASS          : __PARAMETERS
__SUPERCLASS     : 
__DYNASTY        : __PARAMETERS
__RELPATH        : 
__PROPERTY_COUNT : 1
__DERIVATION     : {}
__SERVER         : 
__NAMESPACE      : 
__PATH           : 
ReturnValue      : 0
PSComputerName   : 

Remote: Clearing stale database locks...
Remote: Instance lock table cleared.

>>> Remote [5/6]: Extracting update & Preserving VPS Data...

>>> Remote [6/6]: Starting Bot & Undeniable Health-Check...
Bot triggered. Waiting 10s for initialization...
PROCESS VERIFIED: Bot is active (PID: 5532)

>>> Latest VPS Log Output (bot.log):
WARNING: bot.log is locked by another process. Logging to console only.
CRITICAL ERROR: 'charmap' codec can't encode character '\U0001f6d1' in position 2: character maps to <undefined>
[Sat 02/14/2026  0:23:12.20] Starting Bot (Detached Mode)... 
!!! STARTING BOT VERSION DEBUG 999 !!!
WARNING: bot.log is locked by another process. Logging to console only.
CRITICAL ERROR: 'charmap' codec can't encode character '\U0001f6d1' in position 2: character maps to <undefined>
[Sat 02/14/2026  0:23:21.19] Starting Bot (Detached Mode)... 
!!! STARTING BOT VERSION DEBUG 999 !!!
[Sat 02/14/2026  1:02:05.12] Starting Bot (Detached Mode)... 
[Sat 02/14/2026  1:02:11.20] Starting Bot (Detached Mode)... 
!!! STARTING BOT VERSION DEBUG 999 !!!
WARNING: bot.log is locked by another process. Logging to console only.
CRITICAL ERROR: 'charmap' codec can't encode character '\U0001f6d1' in position 2: character maps to <undefined>
[Sat 02/14/2026  1:02:17.13] Starting Bot (Detached Mode)... 
!!! STARTING BOT VERSION DEBUG 999 !!!
[Sat 02/14/2026  1:04:46.14] Starting Bot (Detached Mode)... 
!!! STARTING BOT VERSION DEBUG 999 !!!
[Sat 02/14/2026  1:04:55.12] Starting Bot (Detached Mode)... 
!!! STARTING BOT VERSION DEBUG 999 !!!
WARNING: bot.log is locked by another process. Logging to console only.

CRITICAL: Master instance already active on WIN-7P0UMOTMO8K.
Exiting to prevent duplicate trades.

[Sat 02/14/2026  1:05:00.13] Starting Bot (Detached Mode)... 
!!! STARTING BOT VERSION DEBUG 999 !!!
[Sat 02/14/2026  1:05:05.12] Starting Bot (Detached Mode)... 
!!! STARTING BOT VERSION DEBUG 999 !!!
[Sat 02/14/2026  1:06:06.12] Starting Bot (Detached Mode)... 
!!! STARTING BOT VERSION DEBUG 999 !!!

>>> Latest VPS Error Log (bot_error.log):
2026-02-14 01:05:08,973 - __main__ - INFO - Background tasks started (Strategies + Scheduler + Equity + Q-Stats + Heartbeat)
2026-02-14 01:05:08,973 - __main__ - INFO - Scheduler started (Daily Report @ 22:15 Local, Auto GLN @ 09:00 NY)
2026-02-14 01:05:09,058 - __main__ - INFO - Q-Stats: Starting candle collector for ['BTC/USDT:USDT', 'ETH/USDT:USDT', 'BNB/USDT:USDT']
2026-02-14 01:05:09,093 - httpx - INFO - HTTP Request: POST https://api.telegram.org/bot8583481056:AAHi9mKds-q_vitPMRAqKR_YTMzc0r7igQU/deleteWebhook "HTTP/1.1 200 OK"
2026-02-14 01:05:09,095 - telegram.ext.Application - INFO - Application started
2026-02-14 01:05:11,090 - __main__ - INFO - Loading 0 active strategies from database...
2026-02-14 01:05:12,337 - __main__ - INFO - \U0001f4ca Equity Snapshot Saved: Total=9.44, Spot=0.00, Futures=9.44, Unrealized=0.00
2026-02-14 01:05:19,267 - httpx - INFO - HTTP Request: POST https://api.telegram.org/bot8583481056:AAHi9mKds-q_vitPMRAqKR_YTMzc0r7igQU/getUpdates "HTTP/1.1 200 OK"
2026-02-14 01:05:29,290 - httpx - INFO - HTTP Request: POST https://api.telegram.org/bot8583481056:AAHi9mKds-q_vitPMRAqKR_YTMzc0r7igQU/getUpdates "HTTP/1.1 200 OK"
2026-02-14 01:05:39,319 - httpx - INFO - HTTP Request: POST https://api.telegram.org/bot8583481056:AAHi9mKds-q_vitPMRAqKR_YTMzc0r7igQU/getUpdates "HTTP/1.1 200 OK"
2026-02-14 01:05:49,338 - httpx - INFO - HTTP Request: POST https://api.telegram.org/bot8583481056:AAHi9mKds-q_vitPMRAqKR_YTMzc0r7igQU/getUpdates "HTTP/1.1 200 OK"
2026-02-14 01:05:59,355 - httpx - INFO - HTTP Request: POST https://api.telegram.org/bot8583481056:AAHi9mKds-q_vitPMRAqKR_YTMzc0r7igQU/getUpdates "HTTP/1.1 200 OK"
[Sat 02/14/2026  1:06:00.54] Bot exited. Restarting in 10s... 
fatal: bad revision 'HEAD'
2026-02-14 01:06:08,825 - __main__ - INFO - INITIALIZING BOT FOR EXCHANGE: COINEX
2026-02-14 01:06:08,846 - __main__ - INFO - ENV: Detected environment as LOCAL (Host: WIN-7P0UMOTMO8K, User: administrator)
C:\Users\Administrator\ok\spider_trading_bot.py:2938: PTBUserWarning: If 'per_message=False', 'CallbackQueryHandler' will not be tracked for every message. Read this FAQ entry to learn more about the per_* settings: https://github.com/python-telegram-bot/python-telegram-bot/wiki/Frequently-Asked-Questions#what-do-the-per_-settings-in-conversationhandler-do.
  wiz_trade_handler = ConversationHandler(
C:\Users\Administrator\ok\spider_trading_bot.py:2971: PTBUserWarning: If 'per_message=False', 'CallbackQueryHandler' will not be tracked for every message. Read this FAQ entry to learn more about the per_* settings: https://github.com/python-telegram-bot/python-telegram-bot/wiki/Frequently-Asked-Questions#what-do-the-per_-settings-in-conversationhandler-do.
  qgln_conv_handler = ConversationHandler(
2026-02-14 01:06:09,845 - __main__ - INFO - Bot starting polling...
2026-02-14 01:06:10,005 - httpx - INFO - HTTP Request: POST https://api.telegram.org/bot8583481056:AAHi9mKds-q_vitPMRAqKR_YTMzc0r7igQU/getMe "HTTP/1.1 200 OK"
2026-02-14 01:06:10,012 - __main__ - INFO - \u2705 INSTANCE LOCK ACQUIRED (ID: 76a35619-c92d-4394-91e5-a61b2210d6e1). This bot is now MASTER.
2026-02-14 01:06:10,012 - __main__ - INFO - Background tasks started (Strategies + Scheduler + Equity + Q-Stats + Heartbeat)
2026-02-14 01:06:10,012 - __main__ - INFO - Scheduler started (Daily Report @ 22:15 Local, Auto GLN @ 09:00 NY)
2026-02-14 01:06:10,086 - __main__ - INFO - Q-Stats: Starting candle collector for ['BTC/USDT:USDT', 'ETH/USDT:USDT', 'BNB/USDT:USDT']
2026-02-14 01:06:10,109 - httpx - INFO - HTTP Request: POST https://api.telegram.org/bot8583481056:AAHi9mKds-q_vitPMRAqKR_YTMzc0r7igQU/deleteWebhook "HTTP/1.1 200 OK"
2026-02-14 01:06:10,111 - telegram.ext.Application - INFO - Application started
2026-02-14 01:06:12,013 - __main__ - INFO - Loading 0 active strategies from database...
2026-02-14 01:06:13,018 - __main__ - INFO - \U0001f4ca Equity Snapshot Saved: Total=9.44, Spot=0.00, Futures=9.44, Unrealized=0.00

SUCCESS: VPS DEPLOYMENT VERIFIED


------------------------------------------
[6/6] Final cleanup...
